23-11-2016 21:45:33.854 - FATAL - [isti.cnr.sse.rest.impl.APIProveHWImpl:69] - Fatal For input string: ""
01-12-2016 20:03:52.362 - DEBUG - [org.jboss.logging:37] - Logging Provider: org.jboss.logging.Log4jLoggerProvider
01-12-2016 20:03:52.366 - INFO - [org.jboss.weld.environment.servletWeldServlet:57] - WELD-ENV-001008: Initialize Weld using ServletContainerInitializer
01-12-2016 20:03:52.382 - INFO - [org.jboss.weld.Version:153] - WELD-000900: 2.3.3 (Final)
01-12-2016 20:03:52.418 - INFO - [org.jboss.weld.Bootstrap:45] - WELD-ENV-000020: Using jandex for bean discovery
01-12-2016 20:03:52.458 - DEBUG - [org.jboss.weld.Bootstrap:316] - WELD-ENV-000024: Archive isolation enabled - creating multiple isolated bean archives if needed
01-12-2016 20:03:52.460 - INFO - [org.jboss.weld.Bootstrap:166] - WELD-ENV-000028: Weld initialization skipped - no bean archive found
01-12-2016 20:06:29.166 - DEBUG - [org.jboss.logging:37] - Logging Provider: org.jboss.logging.Log4jLoggerProvider
01-12-2016 20:06:29.170 - INFO - [org.jboss.weld.environment.servletWeldServlet:57] - WELD-ENV-001008: Initialize Weld using ServletContainerInitializer
01-12-2016 20:06:29.185 - INFO - [org.jboss.weld.Version:153] - WELD-000900: 2.3.3 (Final)
01-12-2016 20:06:29.218 - INFO - [org.jboss.weld.Bootstrap:45] - WELD-ENV-000020: Using jandex for bean discovery
01-12-2016 20:06:29.259 - DEBUG - [org.jboss.weld.Bootstrap:316] - WELD-ENV-000024: Archive isolation enabled - creating multiple isolated bean archives if needed
01-12-2016 20:06:29.262 - INFO - [org.jboss.weld.Bootstrap:166] - WELD-ENV-000028: Weld initialization skipped - no bean archive found
01-12-2016 20:06:36.415 - DEBUG - [org.jboss.logging:37] - Logging Provider: org.jboss.logging.Log4jLoggerProvider
01-12-2016 20:06:36.418 - INFO - [org.jboss.weld.environment.servletWeldServlet:57] - WELD-ENV-001008: Initialize Weld using ServletContainerInitializer
01-12-2016 20:06:36.433 - INFO - [org.jboss.weld.Version:153] - WELD-000900: 2.3.3 (Final)
01-12-2016 20:06:36.467 - INFO - [org.jboss.weld.Bootstrap:45] - WELD-ENV-000020: Using jandex for bean discovery
01-12-2016 20:06:36.513 - DEBUG - [org.jboss.weld.Bootstrap:316] - WELD-ENV-000024: Archive isolation enabled - creating multiple isolated bean archives if needed
01-12-2016 20:06:36.516 - INFO - [org.jboss.weld.Bootstrap:166] - WELD-ENV-000028: Weld initialization skipped - no bean archive found
01-12-2016 20:07:17.764 - DEBUG - [org.jboss.logging:37] - Logging Provider: org.jboss.logging.Log4jLoggerProvider
01-12-2016 20:07:17.767 - INFO - [org.jboss.weld.environment.servletWeldServlet:57] - WELD-ENV-001008: Initialize Weld using ServletContainerInitializer
01-12-2016 20:07:17.782 - INFO - [org.jboss.weld.Version:153] - WELD-000900: 2.3.3 (Final)
01-12-2016 20:07:17.809 - INFO - [org.jboss.weld.Bootstrap:45] - WELD-ENV-000020: Using jandex for bean discovery
01-12-2016 20:07:17.849 - DEBUG - [org.jboss.weld.Bootstrap:316] - WELD-ENV-000024: Archive isolation enabled - creating multiple isolated bean archives if needed
01-12-2016 20:07:17.852 - INFO - [org.jboss.weld.Bootstrap:166] - WELD-ENV-000028: Weld initialization skipped - no bean archive found
